<?xml version="1.0" encoding="UTF-8"?>
<testsuite xmlns:xsi="http://www.w3.org/2001/XMLSchema-instance" xsi:noNamespaceSchemaLocation="https://maven.apache.org/surefire/maven-surefire-plugin/xsd/surefire-test-report.xsd" name="pe.edu.upeu.AlgoritmosTest" time="0.027" tests="14" errors="0" skipped="0" failures="0">
  <properties>
[...]
</properties>
  <testcase name="testMajorityElement_TodosIguales" classname="pe.edu.upeu.AlgoritmosTest" time="0.009"/>
  <testcase name="testSumaDosNumeros" classname="pe.edu.upeu.AlgoritmosTest" time="0"/>
  <testcase name="testSumaDosNumeros2" classname="pe.edu.upeu.AlgoritmosTest" time="0.001"/>
  <testcase name="testSumaDosNumeros3" classname="pe.edu.upeu.AlgoritmosTest" time="0"/>
  <testcase name="testSumaDosNumeros4" classname="pe.edu.upeu.AlgoritmosTest" time="0"/>
  <testcase name="testMajorityElement_ArregloVacio" classname="pe.edu.upeu.AlgoritmosTest" time="0.001"/>
  <testcase name="testMajorityElement_ArregloUnElemento" classname="pe.edu.upeu.AlgoritmosTest" time="0.001"/>
  <testcase name="testMajorityElement_VerificacionRobustez" classname="pe.edu.upeu.AlgoritmosTest" time="0.001"/>
  <testcase name="testMajorityElement_ArregloGrande" classname="pe.edu.upeu.AlgoritmosTest" time="0"/>
  <testcase name="testMajorityElement_CasoBasico1" classname="pe.edu.upeu.AlgoritmosTest" time="0.001"/>
  <testcase name="testMajorityElement_CasoBasico2" classname="pe.edu.upeu.AlgoritmosTest" time="0"/>
  <testcase name="testMajorityElement_ConNegativos" classname="pe.edu.upeu.AlgoritmosTest" time="0"/>
  <testcase name="testMajorityElement_ArregloNull" classname="pe.edu.upeu.AlgoritmosTest" time="0.001"/>
  <testcase name="testMajorityElement_ArregloMediano" classname="pe.edu.upeu.AlgoritmosTest" time="0"/>
</testsuite>